<?xml version="1.0" encoding="UTF-8"?>
<testng-results ignored="11" total="14" passed="3" failed="0" skipped="0">
  <reporter-output>
  </reporter-output>
  <suite started-at="2022-11-28T16:31:19 IST" name="Default suite" finished-at="2022-11-28T16:31:54 IST" duration-ms="35135">
    <groups>
    </groups>
    <test started-at="2022-11-28T16:31:19 IST" name="Default test" finished-at="2022-11-28T16:31:54 IST" duration-ms="35135">
      <class name="OrangeHRM.TestOrangeHRM">
        <test-method is-config="true" signature="beforeClass()[pri:0, instance:OrangeHRM.TestOrangeHRM@50a638b5]" started-at="2022-11-28T16:31:19 IST" name="beforeClass" finished-at="2022-11-28T16:31:42 IST" duration-ms="23189" status="PASS">
          <reporter-output>
          </reporter-output>
        </test-method> <!-- beforeClass -->
        <test-method signature="TestLogin()[pri:1, instance:OrangeHRM.TestOrangeHRM@50a638b5]" started-at="2022-11-28T16:31:42 IST" name="TestLogin" finished-at="2022-11-28T16:31:46 IST" duration-ms="3512" status="PASS">
          <reporter-output>
          </reporter-output>
        </test-method> <!-- TestLogin -->
        <test-method signature="TestAdmin()[pri:2, instance:OrangeHRM.TestOrangeHRM@50a638b5]" started-at="2022-11-28T16:31:46 IST" name="TestAdmin" finished-at="2022-11-28T16:31:48 IST" duration-ms="2232" status="PASS">
          <reporter-output>
          </reporter-output>
        </test-method> <!-- TestAdmin -->
        <test-method signature="TestMultipleSelectDeleteButton()[pri:14, instance:OrangeHRM.TestOrangeHRM@50a638b5]" started-at="2022-11-28T16:31:48 IST" name="TestMultipleSelectDeleteButton" finished-at="2022-11-28T16:31:54 IST" duration-ms="5681" status="PASS">
          <reporter-output>
          </reporter-output>
        </test-method> <!-- TestMultipleSelectDeleteButton -->
        <test-method is-config="true" signature="afterClass()[pri:0, instance:OrangeHRM.TestOrangeHRM@50a638b5]" started-at="2022-11-28T16:31:54 IST" name="afterClass" finished-at="2022-11-28T16:31:54 IST" duration-ms="455" status="PASS">
          <reporter-output>
          </reporter-output>
        </test-method> <!-- afterClass -->
      </class> <!-- OrangeHRM.TestOrangeHRM -->
    </test> <!-- Default test -->
  </suite> <!-- Default suite -->
</testng-results>
