<?xml version="1.0" encoding="UTF-8"?>
<testng-results ignored="0" total="2" passed="2" failed="0" skipped="0">
  <reporter-output>
  </reporter-output>
  <suite started-at="2022-11-25T11:14:00 IST" name="Suite" finished-at="2022-11-25T11:14:11 IST" duration-ms="11357">
    <groups>
    </groups>
    <test started-at="2022-11-25T11:14:00 IST" name="TestSequen" finished-at="2022-11-25T11:14:11 IST" duration-ms="11357">
      <class name="others.TestHerokuapp">
        <test-method is-config="true" signature="beforeClass()[pri:0, instance:others.TestHerokuapp@9353778]" started-at="2022-11-25T11:14:00 IST" name="beforeClass" finished-at="2022-11-25T11:14:11 IST" duration-ms="10522" status="PASS">
          <reporter-output>
          </reporter-output>
        </test-method> <!-- beforeClass -->
        <test-method signature="SortTest()[pri:1, instance:others.TestHerokuapp@9353778]" started-at="2022-11-25T11:14:11 IST" name="SortTest" finished-at="2022-11-25T11:14:11 IST" duration-ms="164" status="PASS">
          <reporter-output>
          </reporter-output>
        </test-method> <!-- SortTest -->
        <test-method signature="getPriceTest()[pri:2, instance:others.TestHerokuapp@9353778]" started-at="2022-11-25T11:14:11 IST" name="getPriceTest" finished-at="2022-11-25T11:14:11 IST" duration-ms="226" status="PASS">
          <reporter-output>
          </reporter-output>
        </test-method> <!-- getPriceTest -->
        <test-method is-config="true" signature="afterClass()[pri:0, instance:others.TestHerokuapp@9353778]" started-at="2022-11-25T11:14:11 IST" name="afterClass" finished-at="2022-11-25T11:14:11 IST" duration-ms="355" status="PASS">
          <reporter-output>
          </reporter-output>
        </test-method> <!-- afterClass -->
      </class> <!-- others.TestHerokuapp -->
    </test> <!-- TestSequen -->
  </suite> <!-- Suite -->
</testng-results>
