<?xml version="1.0" encoding="UTF-8"?>
<testng-results ignored="0" total="5" passed="5" failed="0" skipped="0">
  <reporter-output>
  </reporter-output>
  <suite started-at="2022-11-23T16:19:12 IST" name="Default suite" finished-at="2022-11-23T16:19:19 IST" duration-ms="6714">
    <groups>
      <group name="cucumber">
        <method signature="AbstractTestNGCucumberTests.runScenario(io.cucumber.testng.PickleWrapper,io.cucumber.testng.FeatureWrapper)[pri:0, instance:testngRunner.runTestngTest@3590fc5b]" name="runScenario" class="io.cucumber.testng.AbstractTestNGCucumberTests"/>
      </group> <!-- cucumber -->
    </groups>
    <test started-at="2022-11-23T16:19:12 IST" name="Default test" finished-at="2022-11-23T16:19:19 IST" duration-ms="6714">
      <class name="testngRunner.runTestngTest">
        <test-method is-config="true" signature="setUpClass(org.testng.ITestContext)[pri:0, instance:testngRunner.runTestngTest@3590fc5b]" started-at="2022-11-23T16:19:13 IST" name="setUpClass" finished-at="2022-11-23T16:19:16 IST" duration-ms="3199" status="PASS">
          <params>
            <param index="0">
              <value>
                <![CDATA[org.testng.TestRunner@3e36b7a0]]>
              </value>
            </param>
          </params>
          <reporter-output>
          </reporter-output>
        </test-method> <!-- setUpClass -->
        <test-method signature="runScenario(io.cucumber.testng.PickleWrapper,io.cucumber.testng.FeatureWrapper)[pri:0, instance:testngRunner.runTestngTest@3590fc5b]" started-at="2022-11-23T16:19:16 IST" name="runScenario" description="Runs Cucumber Scenarios" data-provider="scenarios" finished-at="2022-11-23T16:19:16 IST" duration-ms="665" status="PASS">
          <params>
            <param index="0">
              <value>
                <![CDATA["Enter GMO online"]]>
              </value>
            </param>
            <param index="1">
              <value>
                <![CDATA["Scenario for the GMO Application"]]>
              </value>
            </param>
          </params>
          <reporter-output>
          </reporter-output>
        </test-method> <!-- runScenario -->
        <test-method signature="runScenario(io.cucumber.testng.PickleWrapper,io.cucumber.testng.FeatureWrapper)[pri:0, instance:testngRunner.runTestngTest@3590fc5b]" started-at="2022-11-23T16:19:16 IST" name="runScenario" description="Runs Cucumber Scenarios" data-provider="scenarios" finished-at="2022-11-23T16:19:17 IST" duration-ms="703" status="PASS">
          <params>
            <param index="0">
              <value>
                <![CDATA["Online catalog - product selection - DT"]]>
              </value>
            </param>
            <param index="1">
              <value>
                <![CDATA["Scenario for the GMO Application"]]>
              </value>
            </param>
          </params>
          <reporter-output>
          </reporter-output>
        </test-method> <!-- runScenario -->
        <test-method signature="runScenario(io.cucumber.testng.PickleWrapper,io.cucumber.testng.FeatureWrapper)[pri:0, instance:testngRunner.runTestngTest@3590fc5b]" started-at="2022-11-23T16:19:17 IST" name="runScenario" description="Runs Cucumber Scenarios" data-provider="scenarios" finished-at="2022-11-23T16:19:18 IST" duration-ms="479" status="PASS">
          <params>
            <param index="0">
              <value>
                <![CDATA["Place the Order"]]>
              </value>
            </param>
            <param index="1">
              <value>
                <![CDATA["Scenario for the GMO Application"]]>
              </value>
            </param>
          </params>
          <reporter-output>
          </reporter-output>
        </test-method> <!-- runScenario -->
        <test-method signature="runScenario(io.cucumber.testng.PickleWrapper,io.cucumber.testng.FeatureWrapper)[pri:0, instance:testngRunner.runTestngTest@3590fc5b]" started-at="2022-11-23T16:19:18 IST" name="runScenario" description="Runs Cucumber Scenarios" data-provider="scenarios" finished-at="2022-11-23T16:19:19 IST" duration-ms="1133" status="PASS">
          <params>
            <param index="0">
              <value>
                <![CDATA["Provide billing address and checkout"]]>
              </value>
            </param>
            <param index="1">
              <value>
                <![CDATA["Scenario for the GMO Application"]]>
              </value>
            </param>
          </params>
          <reporter-output>
          </reporter-output>
        </test-method> <!-- runScenario -->
        <test-method signature="runScenario(io.cucumber.testng.PickleWrapper,io.cucumber.testng.FeatureWrapper)[pri:0, instance:testngRunner.runTestngTest@3590fc5b]" started-at="2022-11-23T16:19:19 IST" name="runScenario" description="Runs Cucumber Scenarios" data-provider="scenarios" finished-at="2022-11-23T16:19:19 IST" duration-ms="96" status="PASS">
          <params>
            <param index="0">
              <value>
                <![CDATA["confirm receipt and return to GMO home page"]]>
              </value>
            </param>
            <param index="1">
              <value>
                <![CDATA["Scenario for the GMO Application"]]>
              </value>
            </param>
          </params>
          <reporter-output>
          </reporter-output>
        </test-method> <!-- runScenario -->
        <test-method is-config="true" signature="tearDownClass()[pri:0, instance:testngRunner.runTestngTest@3590fc5b]" started-at="2022-11-23T16:19:19 IST" name="tearDownClass" finished-at="2022-11-23T16:19:19 IST" duration-ms="383" status="PASS">
          <reporter-output>
          </reporter-output>
        </test-method> <!-- tearDownClass -->
      </class> <!-- testngRunner.runTestngTest -->
    </test> <!-- Default test -->
  </suite> <!-- Default suite -->
</testng-results>
