<?xml version="1.0" encoding="UTF-8"?>
<!-- Generated by org.testng.reporters.JUnitXMLReporter -->
<testsuite ignored="11" hostname="LAPTOP-1KHLGN6R" failures="0" tests="3" name="Default test" time="35.135" errors="0" timestamp="2022-11-28T16:31:54 IST">
  <testcase classname="OrangeHRM.TestOrangeHRM" name="TestLogin" time="3.512"/>
  <testcase classname="OrangeHRM.TestOrangeHRM" name="TestAdmin" time="2.232"/>
  <testcase classname="OrangeHRM.TestOrangeHRM" name="TestMultipleSelectDeleteButton" time="5.681"/>
  <testcase classname="OrangeHRM.TestOrangeHRM" name="TestSearchButtonByUserName" time="0.0">
    <ignored/>
  </testcase> <!-- TestSearchButtonByUserName -->
  <testcase classname="OrangeHRM.TestOrangeHRM" name="TestSearchButtonByUserRole" time="0.0">
    <ignored/>
  </testcase> <!-- TestSearchButtonByUserRole -->
  <testcase classname="OrangeHRM.TestOrangeHRM" name="TestSystemUsersResetButton" time="0.0">
    <ignored/>
  </testcase> <!-- TestSystemUsersResetButton -->
  <testcase classname="OrangeHRM.TestOrangeHRM" name="TestAddUser" time="0.0">
    <ignored/>
  </testcase> <!-- TestAddUser -->
  <testcase classname="OrangeHRM.TestOrangeHRM" name="TestEditButton" time="0.0">
    <ignored/>
  </testcase> <!-- TestEditButton -->
  <testcase classname="OrangeHRM.TestOrangeHRM" name="TestSearchButtonByStatus" time="0.0">
    <ignored/>
  </testcase> <!-- TestSearchButtonByStatus -->
  <testcase classname="OrangeHRM.TestOrangeHRM" name="TestEditUserCancelButton" time="0.0">
    <ignored/>
  </testcase> <!-- TestEditUserCancelButton -->
  <testcase classname="OrangeHRM.TestOrangeHRM" name="TestGetElementsfromTable" time="0.0">
    <ignored/>
  </testcase> <!-- TestGetElementsfromTable -->
  <testcase classname="OrangeHRM.TestOrangeHRM" name="TestDeleteButton" time="0.0">
    <ignored/>
  </testcase> <!-- TestDeleteButton -->
  <testcase classname="OrangeHRM.TestOrangeHRM" name="TestAddUserCancelButton" time="0.0">
    <ignored/>
  </testcase> <!-- TestAddUserCancelButton -->
  <testcase classname="OrangeHRM.TestOrangeHRM" name="TestSearchButtonByEmployeeName" time="0.0">
    <ignored/>
  </testcase> <!-- TestSearchButtonByEmployeeName -->
</testsuite> <!-- Default test -->
