<?xml version="1.0" encoding="UTF-8" standalone="no"?>
<testsuite errors="0" failures="0" name="io.cucumber.core.plugin.JUnitFormatter" skipped="0" tests="5" time="6.243">
    <testcase classname="Scenario for the GMO Application" name="Enter GMO online" time="0.595">
        <system-out><![CDATA[Given I am on gmo home page.................................................passed
When I enter gmo online.....................................................passed
Then The application should display catalog page............................passed
]]></system-out>
    </testcase>
    <testcase classname="Scenario for the GMO Application" name="Online catalog - product selection - DT" time="0.642">
        <system-out><![CDATA[Given Online catalog page is displayed......................................passed
When I place order for below items..........................................passed
Then Place Order page is displayed with the selected items..................passed
]]></system-out>
    </testcase>
    <testcase classname="Scenario for the GMO Application" name="Place the Order" time="0.49">
        <system-out><![CDATA[Given Place order page is displayed.........................................passed
When the I proceeed to place order with the selected item...................passed
Then I should be taken to billing info page to provice my address...........passed
]]></system-out>
    </testcase>
    <testcase classname="Scenario for the GMO Application" name="Provide billing address and checkout" time="1.138">
        <system-out><![CDATA[Given I am on Billing page..................................................passed
When I input below billing address..........................................passed
And I checkout..............................................................passed
Then I should be taken to receipt page......................................passed
]]></system-out>
    </testcase>
    <testcase classname="Scenario for the GMO Application" name="confirm receipt and return to GMO home page" time="0.172">
        <system-out><![CDATA[Given I am in Receipt page..................................................passed
When I opt to return to home page...........................................passed
Then I should be navigated to GMO home page.................................passed
]]></system-out>
    </testcase>
</testsuite>
